mode: set
server/internal/emailutil/emailutil.go:5.33,8.2 2 1
server/internal/passwordutil/passwordutil.go:7.49,10.2 2 1
server/internal/passwordutil/passwordutil.go:12.66,14.2 1 0
server/internal/stringutil/stringutil.go:12.33,17.25 3 1
server/internal/stringutil/stringutil.go:17.25,19.17 2 1
server/internal/stringutil/stringutil.go:19.17,21.4 1 0
server/internal/stringutil/stringutil.go:23.3,24.21 2 1
server/internal/stringutil/stringutil.go:26.2,26.20 1 1
server/internal/stringutil/stringutil.go:29.27,31.2 1 1
server/internal/tokenutil/payload.go:21.91,23.16 2 1
server/internal/tokenutil/payload.go:23.16,25.3 1 0
server/internal/tokenutil/payload.go:27.2,34.21 2 1
server/internal/tokenutil/payload.go:37.39,38.41 1 1
server/internal/tokenutil/payload.go:38.41,40.3 1 1
server/internal/tokenutil/payload.go:41.2,41.12 1 1
server/internal/tokenutil/tokenutil.go:18.57,19.51 1 1
server/internal/tokenutil/tokenutil.go:19.51,21.3 1 0
server/internal/tokenutil/tokenutil.go:23.2,28.19 2 1
server/internal/tokenutil/tokenutil.go:31.121,33.16 2 1
server/internal/tokenutil/tokenutil.go:33.16,35.3 1 0
server/internal/tokenutil/tokenutil.go:36.2,37.28 2 1
server/internal/tokenutil/tokenutil.go:40.71,44.16 3 1
server/internal/tokenutil/tokenutil.go:44.16,46.3 1 0
server/internal/tokenutil/tokenutil.go:48.2,49.16 2 1
server/internal/tokenutil/tokenutil.go:49.16,51.3 1 1
server/internal/tokenutil/tokenutil.go:53.2,53.21 1 1
server/internal/tokenutil/tokenutil.go:56.56,59.2 2 0
server/repository/classroom_repository.go:16.72,20.2 1 1
server/repository/classroom_repository.go:22.98,25.2 2 1
server/repository/classroom_repository.go:27.141,29.2 1 0
server/repository/classroom_repository.go:31.99,33.2 1 0
server/repository/classroom_repository.go:35.99,37.2 1 0
server/repository/classroom_repository.go:39.108,41.2 1 0
server/repository/classroom_repository.go:43.141,45.2 1 0
server/repository/classroom_repository.go:47.119,52.2 1 0
server/repository/classroom_repository.go:54.119,57.2 2 0
server/repository/classroom_repository.go:59.133,62.2 2 0
server/repository/classroom_repository.go:64.125,67.2 2 0
server/repository/classroom_repository.go:69.119,72.2 2 0
server/repository/classroom_repository.go:74.125,77.2 2 0
server/repository/classroom_repository.go:79.131,82.2 2 0
server/repository/classroom_repository.go:84.78,87.2 2 0
server/repository/classroom_repository.go:89.126,91.2 1 0
server/repository/user_repository.go:17.62,21.2 1 1
server/repository/user_repository.go:23.91,26.2 2 1
server/repository/user_repository.go:28.89,30.2 1 1
server/repository/user_repository.go:32.89,34.2 1 1
server/repository/user_repository.go:36.111,41.2 1 0
server/repository/user_repository.go:43.98,45.2 1 1
server/repository/user_repository.go:47.103,50.2 2 1
server/repository/user_repository.go:52.101,55.2 2 1
server/repository/user_repository.go:57.107,60.2 2 1
server/repository/user_repository.go:62.73,65.2 2 1
