mode: set
server/internal/emailutil/emailutil.go:5.33,8.2 2 1
server/internal/passwordutil/passwordutil.go:7.49,10.2 2 1
server/internal/passwordutil/passwordutil.go:12.66,14.2 1 0
server/internal/stringutil/stringutil.go:12.33,17.25 3 1
server/internal/stringutil/stringutil.go:26.2,26.20 1 1
server/internal/stringutil/stringutil.go:17.25,19.17 2 1
server/internal/stringutil/stringutil.go:23.3,24.21 2 1
server/internal/stringutil/stringutil.go:19.17,21.4 1 0
server/internal/stringutil/stringutil.go:29.27,31.2 1 1
server/internal/tokenutil/payload.go:20.76,22.16 2 1
server/internal/tokenutil/payload.go:26.2,32.21 2 1
server/internal/tokenutil/payload.go:22.16,24.3 1 0
server/internal/tokenutil/payload.go:35.39,36.41 1 1
server/internal/tokenutil/payload.go:39.2,39.12 1 1
server/internal/tokenutil/payload.go:36.41,38.3 1 1
server/internal/tokenutil/tokenutil.go:16.57,17.51 1 1
server/internal/tokenutil/tokenutil.go:21.2,26.19 2 1
server/internal/tokenutil/tokenutil.go:17.51,19.3 1 0
server/internal/tokenutil/tokenutil.go:29.106,31.16 2 1
server/internal/tokenutil/tokenutil.go:34.2,35.28 2 1
server/internal/tokenutil/tokenutil.go:31.16,33.3 1 0
server/internal/tokenutil/tokenutil.go:38.71,42.16 3 1
server/internal/tokenutil/tokenutil.go:46.2,47.16 2 1
server/internal/tokenutil/tokenutil.go:51.2,51.21 1 1
server/internal/tokenutil/tokenutil.go:42.16,44.3 1 0
server/internal/tokenutil/tokenutil.go:47.16,49.3 1 1
server/repository/user_repository.go:16.62,20.2 1 1
server/repository/user_repository.go:22.91,25.2 2 1
server/repository/user_repository.go:27.89,30.2 2 1
server/repository/user_repository.go:32.89,35.2 2 1
server/repository/user_repository.go:37.98,40.2 2 1
server/repository/user_repository.go:42.103,45.2 2 1
server/repository/user_repository.go:47.101,50.2 2 1
server/repository/user_repository.go:52.107,55.2 2 1
server/repository/user_repository.go:57.73,60.2 2 1
server/repository/classroom_repository.go:16.72,20.2 1 1
server/repository/classroom_repository.go:22.98,25.2 2 1
server/repository/classroom_repository.go:27.99,30.2 2 0
server/repository/classroom_repository.go:32.99,35.2 2 0
server/repository/classroom_repository.go:37.108,40.2 2 0
server/repository/classroom_repository.go:42.140,45.2 2 0
server/repository/classroom_repository.go:47.119,50.2 2 0
server/repository/classroom_repository.go:52.133,55.2 2 0
server/repository/classroom_repository.go:57.125,60.2 2 0
server/repository/classroom_repository.go:62.119,65.2 2 0
server/repository/classroom_repository.go:67.125,70.2 2 0
server/repository/classroom_repository.go:72.131,75.2 2 0
server/repository/classroom_repository.go:77.78,80.2 2 0
